[36;1mSaving config:
[0m
{
    "args":	null,
    "env":	null,
    "exp_name":	"HER_mpi19_random_DDPGTorch_FetchSlide-v1",
    "logger":	null,
    "logger_kwargs":	{
        "exp_name":	"HER_mpi19_random_DDPGTorch_FetchSlide-v1",
        "output_dir":	"HER_DRLib_exps/2021-12-12_HER_mpi19_random_DDPGTorch_FetchSlide-v1/2021-12-12_16-59-43-HER_mpi19_random_DDPGTorch_FetchSlide-v1_s123"
    },
    "net":	null
}
save model to: HER_DRLib_exps/2021-12-12_HER_mpi19_random_DDPGTorch_FetchSlide-v1/2021-12-12_16-59-43-HER_mpi19_random_DDPGTorch_FetchSlide-v1_s123
---------------------------------------
|             Epoch |               0 |
|             EpRet |            -200 |
|         EpRealRet |            -200 |
|         TestEpRet |            -200 |
|         AverageQ1 |           -4.32 |
|             StdQ1 |            2.14 |
|             MaxQ1 |          0.0722 |
|             MinQ1 |           -12.1 |
|                Q2 |           -4.32 |
|       TestSuccess |               0 |
| TotalEnvInteracts |           1e+04 |
|         TotalTime |            52.9 |
---------------------------------------
save model to: HER_DRLib_exps/2021-12-12_HER_mpi19_random_DDPGTorch_FetchSlide-v1/2021-12-12_16-59-43-HER_mpi19_random_DDPGTorch_FetchSlide-v1_s123
---------------------------------------
|             Epoch |               1 |
|             EpRet |            -200 |
|         EpRealRet |            -200 |
|         TestEpRet |            -200 |
|         AverageQ1 |           -10.5 |
|             StdQ1 |             2.6 |
|             MaxQ1 |          -0.189 |
|             MinQ1 |           -20.3 |
|                Q2 |           -10.5 |
|       TestSuccess |               0 |
| TotalEnvInteracts |           2e+04 |
|         TotalTime |             109 |
---------------------------------------
save model to: HER_DRLib_exps/2021-12-12_HER_mpi19_random_DDPGTorch_FetchSlide-v1/2021-12-12_16-59-43-HER_mpi19_random_DDPGTorch_FetchSlide-v1_s123
---------------------------------------
|             Epoch |               2 |
|             EpRet |            -200 |
|         EpRealRet |            -200 |
|         TestEpRet |            -200 |
|         AverageQ1 |           -15.8 |
|             StdQ1 |            3.41 |
|             MaxQ1 |            1.87 |
|             MinQ1 |           -27.4 |
|                Q2 |           -15.8 |
|       TestSuccess |               0 |
| TotalEnvInteracts |           3e+04 |
|         TotalTime |             179 |
---------------------------------------
save model to: HER_DRLib_exps/2021-12-12_HER_mpi19_random_DDPGTorch_FetchSlide-v1/2021-12-12_16-59-43-HER_mpi19_random_DDPGTorch_FetchSlide-v1_s123
---------------------------------------
|             Epoch |               3 |
|             EpRet |            -200 |
|         EpRealRet |            -200 |
|         TestEpRet |            -200 |
|         AverageQ1 |           -20.3 |
|             StdQ1 |            4.09 |
|             MaxQ1 |            1.82 |
|             MinQ1 |           -35.6 |
|                Q2 |           -20.3 |
|       TestSuccess |               0 |
| TotalEnvInteracts |           4e+04 |
|         TotalTime |             246 |
---------------------------------------
save model to: HER_DRLib_exps/2021-12-12_HER_mpi19_random_DDPGTorch_FetchSlide-v1/2021-12-12_16-59-43-HER_mpi19_random_DDPGTorch_FetchSlide-v1_s123
---------------------------------------
|             Epoch |               4 |
|             EpRet |            -200 |
|         EpRealRet |            -200 |
|         TestEpRet |            -200 |
|         AverageQ1 |           -23.9 |
|             StdQ1 |            4.61 |
|             MaxQ1 |            2.29 |
|             MinQ1 |           -40.2 |
|                Q2 |           -23.9 |
|       TestSuccess |               0 |
| TotalEnvInteracts |           5e+04 |
|         TotalTime |             315 |
---------------------------------------
save model to: HER_DRLib_exps/2021-12-12_HER_mpi19_random_DDPGTorch_FetchSlide-v1/2021-12-12_16-59-43-HER_mpi19_random_DDPGTorch_FetchSlide-v1_s123
---------------------------------------
|             Epoch |               5 |
|             EpRet |            -200 |
|         EpRealRet |            -200 |
|         TestEpRet |            -200 |
|         AverageQ1 |             -27 |
|             StdQ1 |            5.04 |
|             MaxQ1 |          -0.457 |
|             MinQ1 |           -42.7 |
|                Q2 |             -27 |
|       TestSuccess |               0 |
| TotalEnvInteracts |           6e+04 |
|         TotalTime |             380 |
---------------------------------------
save model to: HER_DRLib_exps/2021-12-12_HER_mpi19_random_DDPGTorch_FetchSlide-v1/2021-12-12_16-59-43-HER_mpi19_random_DDPGTorch_FetchSlide-v1_s123
---------------------------------------
|             Epoch |               6 |
|             EpRet |            -200 |
|         EpRealRet |            -200 |
|         TestEpRet |            -200 |
|         AverageQ1 |           -29.5 |
|             StdQ1 |            5.36 |
|             MaxQ1 |           -1.62 |
|             MinQ1 |           -45.5 |
|                Q2 |           -29.5 |
|       TestSuccess |               0 |
| TotalEnvInteracts |           7e+04 |
|         TotalTime |             445 |
---------------------------------------
save model to: HER_DRLib_exps/2021-12-12_HER_mpi19_random_DDPGTorch_FetchSlide-v1/2021-12-12_16-59-43-HER_mpi19_random_DDPGTorch_FetchSlide-v1_s123
---------------------------------------
|             Epoch |               7 |
|             EpRet |            -200 |
|         EpRealRet |            -200 |
|         TestEpRet |            -200 |
|         AverageQ1 |           -31.6 |
|             StdQ1 |            5.56 |
|             MaxQ1 |            -2.7 |
|             MinQ1 |           -47.9 |
|                Q2 |           -31.6 |
|       TestSuccess |               0 |
| TotalEnvInteracts |           8e+04 |
|         TotalTime |             507 |
---------------------------------------
save model to: HER_DRLib_exps/2021-12-12_HER_mpi19_random_DDPGTorch_FetchSlide-v1/2021-12-12_16-59-43-HER_mpi19_random_DDPGTorch_FetchSlide-v1_s123
---------------------------------------
|             Epoch |               8 |
|             EpRet |            -200 |
|         EpRealRet |            -200 |
|         TestEpRet |            -200 |
|         AverageQ1 |           -33.4 |
|             StdQ1 |            5.66 |
|             MaxQ1 |            -4.7 |
|             MinQ1 |           -49.1 |
|                Q2 |           -33.4 |
|       TestSuccess |               0 |
| TotalEnvInteracts |           9e+04 |
|         TotalTime |             566 |
---------------------------------------
save model to: HER_DRLib_exps/2021-12-12_HER_mpi19_random_DDPGTorch_FetchSlide-v1/2021-12-12_16-59-43-HER_mpi19_random_DDPGTorch_FetchSlide-v1_s123
---------------------------------------
|             Epoch |               9 |
|             EpRet |            -200 |
|         EpRealRet |            -200 |
|         TestEpRet |            -200 |
|         AverageQ1 |             -35 |
|             StdQ1 |            5.72 |
|             MaxQ1 |           -6.04 |
|             MinQ1 |           -49.6 |
|                Q2 |             -35 |
|       TestSuccess |               0 |
| TotalEnvInteracts |           1e+05 |
|         TotalTime |             629 |
---------------------------------------
save model to: HER_DRLib_exps/2021-12-12_HER_mpi19_random_DDPGTorch_FetchSlide-v1/2021-12-12_16-59-43-HER_mpi19_random_DDPGTorch_FetchSlide-v1_s123
---------------------------------------
|             Epoch |              10 |
|             EpRet |            -200 |
|         EpRealRet |            -200 |
|         TestEpRet |            -200 |
|         AverageQ1 |           -36.3 |
|             StdQ1 |            5.78 |
|             MaxQ1 |           -6.48 |
|             MinQ1 |           -51.1 |
|                Q2 |           -36.3 |
|       TestSuccess |               0 |
| TotalEnvInteracts |         1.1e+05 |
|         TotalTime |             688 |
---------------------------------------
save model to: HER_DRLib_exps/2021-12-12_HER_mpi19_random_DDPGTorch_FetchSlide-v1/2021-12-12_16-59-43-HER_mpi19_random_DDPGTorch_FetchSlide-v1_s123
---------------------------------------
|             Epoch |              11 |
|             EpRet |            -200 |
|         EpRealRet |            -200 |
|         TestEpRet |            -200 |
|         AverageQ1 |           -37.4 |
|             StdQ1 |            5.79 |
|             MaxQ1 |           -7.38 |
|             MinQ1 |           -52.5 |
|                Q2 |           -37.4 |
|       TestSuccess |               0 |
| TotalEnvInteracts |         1.2e+05 |
|         TotalTime |             747 |
---------------------------------------
save model to: HER_DRLib_exps/2021-12-12_HER_mpi19_random_DDPGTorch_FetchSlide-v1/2021-12-12_16-59-43-HER_mpi19_random_DDPGTorch_FetchSlide-v1_s123
---------------------------------------
|             Epoch |              12 |
|             EpRet |            -200 |
|         EpRealRet |            -200 |
|         TestEpRet |            -200 |
|         AverageQ1 |           -38.4 |
|             StdQ1 |            5.77 |
|             MaxQ1 |           -9.01 |
|             MinQ1 |           -53.3 |
|                Q2 |           -38.4 |
|       TestSuccess |               0 |
| TotalEnvInteracts |         1.3e+05 |
|         TotalTime |             806 |
---------------------------------------
save model to: HER_DRLib_exps/2021-12-12_HER_mpi19_random_DDPGTorch_FetchSlide-v1/2021-12-12_16-59-43-HER_mpi19_random_DDPGTorch_FetchSlide-v1_s123
---------------------------------------
|             Epoch |              13 |
|             EpRet |            -200 |
|         EpRealRet |            -200 |
|         TestEpRet |            -200 |
|         AverageQ1 |           -39.1 |
|             StdQ1 |            5.82 |
|             MaxQ1 |           -9.27 |
|             MinQ1 |           -54.6 |
|                Q2 |           -39.1 |
|       TestSuccess |               0 |
| TotalEnvInteracts |         1.4e+05 |
|         TotalTime |             864 |
---------------------------------------
save model to: HER_DRLib_exps/2021-12-12_HER_mpi19_random_DDPGTorch_FetchSlide-v1/2021-12-12_16-59-43-HER_mpi19_random_DDPGTorch_FetchSlide-v1_s123
---------------------------------------
|             Epoch |              14 |
|             EpRet |            -200 |
|         EpRealRet |            -200 |
|         TestEpRet |            -200 |
|         AverageQ1 |           -39.6 |
|             StdQ1 |            5.91 |
|             MaxQ1 |           -10.6 |
|             MinQ1 |           -55.1 |
|                Q2 |           -39.6 |
|       TestSuccess |               0 |
| TotalEnvInteracts |         1.5e+05 |
|         TotalTime |             929 |
---------------------------------------
save model to: HER_DRLib_exps/2021-12-12_HER_mpi19_random_DDPGTorch_FetchSlide-v1/2021-12-12_16-59-43-HER_mpi19_random_DDPGTorch_FetchSlide-v1_s123
---------------------------------------
|             Epoch |              15 |
|             EpRet |            -200 |
|         EpRealRet |            -200 |
|         TestEpRet |            -200 |
|         AverageQ1 |           -40.1 |
|             StdQ1 |            5.95 |
|             MaxQ1 |            -9.2 |
|             MinQ1 |           -55.9 |
|                Q2 |           -40.1 |
|       TestSuccess |               0 |
| TotalEnvInteracts |         1.6e+05 |
|         TotalTime |             991 |
---------------------------------------
save model to: HER_DRLib_exps/2021-12-12_HER_mpi19_random_DDPGTorch_FetchSlide-v1/2021-12-12_16-59-43-HER_mpi19_random_DDPGTorch_FetchSlide-v1_s123
---------------------------------------
|             Epoch |              16 |
|             EpRet |            -200 |
|         EpRealRet |            -200 |
|         TestEpRet |            -200 |
|         AverageQ1 |           -40.6 |
|             StdQ1 |            5.97 |
|             MaxQ1 |           -12.8 |
|             MinQ1 |           -56.9 |
|                Q2 |           -40.6 |
|       TestSuccess |               0 |
| TotalEnvInteracts |         1.7e+05 |
|         TotalTime |        1.06e+03 |
---------------------------------------
save model to: HER_DRLib_exps/2021-12-12_HER_mpi19_random_DDPGTorch_FetchSlide-v1/2021-12-12_16-59-43-HER_mpi19_random_DDPGTorch_FetchSlide-v1_s123
---------------------------------------
|             Epoch |              17 |
|             EpRet |            -200 |
|         EpRealRet |            -200 |
|         TestEpRet |            -200 |
|         AverageQ1 |           -40.9 |
|             StdQ1 |            5.99 |
|             MaxQ1 |           -14.4 |
|             MinQ1 |           -57.3 |
|                Q2 |           -40.9 |
|       TestSuccess |               0 |
| TotalEnvInteracts |         1.8e+05 |
|         TotalTime |        1.12e+03 |
---------------------------------------
save model to: HER_DRLib_exps/2021-12-12_HER_mpi19_random_DDPGTorch_FetchSlide-v1/2021-12-12_16-59-43-HER_mpi19_random_DDPGTorch_FetchSlide-v1_s123
---------------------------------------
|             Epoch |              18 |
|             EpRet |            -200 |
|         EpRealRet |            -200 |
|         TestEpRet |            -200 |
|         AverageQ1 |           -41.3 |
|             StdQ1 |            5.98 |
|             MaxQ1 |           -14.6 |
|             MinQ1 |           -57.6 |
|                Q2 |           -41.3 |
|       TestSuccess |               0 |
| TotalEnvInteracts |         1.9e+05 |
|         TotalTime |        1.18e+03 |
---------------------------------------
save model to: HER_DRLib_exps/2021-12-12_HER_mpi19_random_DDPGTorch_FetchSlide-v1/2021-12-12_16-59-43-HER_mpi19_random_DDPGTorch_FetchSlide-v1_s123
---------------------------------------
|             Epoch |              19 |
|             EpRet |            -200 |
|         EpRealRet |            -200 |
|         TestEpRet |            -200 |
|         AverageQ1 |           -41.6 |
|             StdQ1 |            5.93 |
|             MaxQ1 |             -14 |
|             MinQ1 |           -59.8 |
|                Q2 |           -41.6 |
|       TestSuccess |               0 |
| TotalEnvInteracts |           2e+05 |
|         TotalTime |        1.25e+03 |
---------------------------------------
save model to: HER_DRLib_exps/2021-12-12_HER_mpi19_random_DDPGTorch_FetchSlide-v1/2021-12-12_16-59-43-HER_mpi19_random_DDPGTorch_FetchSlide-v1_s123
---------------------------------------
|             Epoch |              20 |
|             EpRet |            -200 |
|         EpRealRet |            -200 |
|         TestEpRet |            -200 |
|         AverageQ1 |             -42 |
|             StdQ1 |            5.84 |
|             MaxQ1 |           -14.4 |
|             MinQ1 |             -59 |
|                Q2 |             -42 |
|       TestSuccess |               0 |
| TotalEnvInteracts |         2.1e+05 |
|         TotalTime |        1.31e+03 |
---------------------------------------
save model to: HER_DRLib_exps/2021-12-12_HER_mpi19_random_DDPGTorch_FetchSlide-v1/2021-12-12_16-59-43-HER_mpi19_random_DDPGTorch_FetchSlide-v1_s123
---------------------------------------
|             Epoch |              21 |
|             EpRet |            -200 |
|         EpRealRet |            -200 |
|         TestEpRet |            -200 |
|         AverageQ1 |           -42.2 |
|             StdQ1 |            5.84 |
|             MaxQ1 |           -18.9 |
|             MinQ1 |             -59 |
|                Q2 |           -42.2 |
|       TestSuccess |               0 |
| TotalEnvInteracts |         2.2e+05 |
|         TotalTime |        1.38e+03 |
---------------------------------------
save model to: HER_DRLib_exps/2021-12-12_HER_mpi19_random_DDPGTorch_FetchSlide-v1/2021-12-12_16-59-43-HER_mpi19_random_DDPGTorch_FetchSlide-v1_s123
---------------------------------------
|             Epoch |              22 |
|             EpRet |            -200 |
|         EpRealRet |            -200 |
|         TestEpRet |            -200 |
|         AverageQ1 |           -42.4 |
|             StdQ1 |            5.79 |
|             MaxQ1 |             -18 |
|             MinQ1 |           -58.2 |
|                Q2 |           -42.4 |
|       TestSuccess |               0 |
| TotalEnvInteracts |         2.3e+05 |
|         TotalTime |        1.44e+03 |
---------------------------------------
epoch: 23 	ep: 24 	ep_rew: -199.0 	time: 1.091 	done: 1.0
save model to: HER_DRLib_exps/2021-12-12_HER_mpi19_random_DDPGTorch_FetchSlide-v1/2021-12-12_16-59-43-HER_mpi19_random_DDPGTorch_FetchSlide-v1_s123
---------------------------------------
|             Epoch |              23 |
|             EpRet |            -200 |
|         EpRealRet |            -200 |
|         TestEpRet |            -200 |
|         AverageQ1 |           -42.6 |
|             StdQ1 |            5.75 |
|             MaxQ1 |           -18.7 |
|             MinQ1 |           -57.9 |
|                Q2 |           -42.6 |
|       TestSuccess |               0 |
| TotalEnvInteracts |         2.4e+05 |
|         TotalTime |         1.5e+03 |
---------------------------------------
save model to: HER_DRLib_exps/2021-12-12_HER_mpi19_random_DDPGTorch_FetchSlide-v1/2021-12-12_16-59-43-HER_mpi19_random_DDPGTorch_FetchSlide-v1_s123
---------------------------------------
|             Epoch |              24 |
|             EpRet |            -200 |
|         EpRealRet |            -200 |
|         TestEpRet |            -200 |
|         AverageQ1 |           -42.8 |
|             StdQ1 |            5.68 |
|             MaxQ1 |           -19.3 |
|             MinQ1 |           -58.3 |
|                Q2 |           -42.8 |
|       TestSuccess |               0 |
| TotalEnvInteracts |         2.5e+05 |
|         TotalTime |        1.56e+03 |
---------------------------------------
save model to: HER_DRLib_exps/2021-12-12_HER_mpi19_random_DDPGTorch_FetchSlide-v1/2021-12-12_16-59-43-HER_mpi19_random_DDPGTorch_FetchSlide-v1_s123
---------------------------------------
|             Epoch |              25 |
|             EpRet |            -200 |
|         EpRealRet |            -200 |
|         TestEpRet |            -200 |
|         AverageQ1 |             -43 |
|             StdQ1 |             5.6 |
|             MaxQ1 |           -18.5 |
|             MinQ1 |           -57.8 |
|                Q2 |             -43 |
|       TestSuccess |               0 |
| TotalEnvInteracts |         2.6e+05 |
|         TotalTime |        1.62e+03 |
---------------------------------------
save model to: HER_DRLib_exps/2021-12-12_HER_mpi19_random_DDPGTorch_FetchSlide-v1/2021-12-12_16-59-43-HER_mpi19_random_DDPGTorch_FetchSlide-v1_s123
---------------------------------------
|             Epoch |              26 |
|             EpRet |            -200 |
|         EpRealRet |            -200 |
|         TestEpRet |            -200 |
|         AverageQ1 |           -43.3 |
|             StdQ1 |             5.5 |
|             MaxQ1 |           -21.5 |
|             MinQ1 |           -58.6 |
|                Q2 |           -43.3 |
|       TestSuccess |               0 |
| TotalEnvInteracts |         2.7e+05 |
|         TotalTime |        1.68e+03 |
---------------------------------------
save model to: HER_DRLib_exps/2021-12-12_HER_mpi19_random_DDPGTorch_FetchSlide-v1/2021-12-12_16-59-43-HER_mpi19_random_DDPGTorch_FetchSlide-v1_s123
---------------------------------------
|             Epoch |              27 |
|             EpRet |            -200 |
|         EpRealRet |            -200 |
|         TestEpRet |            -200 |
|         AverageQ1 |           -43.5 |
|             StdQ1 |            5.42 |
|             MaxQ1 |           -22.9 |
|             MinQ1 |           -58.3 |
|                Q2 |           -43.5 |
|       TestSuccess |               0 |
| TotalEnvInteracts |         2.8e+05 |
|         TotalTime |        1.74e+03 |
---------------------------------------
save model to: HER_DRLib_exps/2021-12-12_HER_mpi19_random_DDPGTorch_FetchSlide-v1/2021-12-12_16-59-43-HER_mpi19_random_DDPGTorch_FetchSlide-v1_s123
---------------------------------------
|             Epoch |              28 |
|             EpRet |            -200 |
|         EpRealRet |            -200 |
|         TestEpRet |            -200 |
|         AverageQ1 |           -43.6 |
|             StdQ1 |            5.37 |
|             MaxQ1 |             -24 |
|             MinQ1 |           -59.1 |
|                Q2 |           -43.6 |
|       TestSuccess |               0 |
| TotalEnvInteracts |         2.9e+05 |
|         TotalTime |         1.8e+03 |
---------------------------------------
save model to: HER_DRLib_exps/2021-12-12_HER_mpi19_random_DDPGTorch_FetchSlide-v1/2021-12-12_16-59-43-HER_mpi19_random_DDPGTorch_FetchSlide-v1_s123
---------------------------------------
|             Epoch |              29 |
|             EpRet |            -200 |
|         EpRealRet |            -200 |
|         TestEpRet |            -200 |
|         AverageQ1 |           -43.8 |
|             StdQ1 |            5.33 |
|             MaxQ1 |           -24.4 |
|             MinQ1 |             -59 |
|                Q2 |           -43.8 |
|       TestSuccess |               0 |
| TotalEnvInteracts |           3e+05 |
|         TotalTime |        1.86e+03 |
---------------------------------------
save model to: HER_DRLib_exps/2021-12-12_HER_mpi19_random_DDPGTorch_FetchSlide-v1/2021-12-12_16-59-43-HER_mpi19_random_DDPGTorch_FetchSlide-v1_s123
---------------------------------------
|             Epoch |              30 |
|             EpRet |            -200 |
|         EpRealRet |            -200 |
|         TestEpRet |            -200 |
|         AverageQ1 |           -43.9 |
|             StdQ1 |            5.27 |
|             MaxQ1 |           -24.7 |
|             MinQ1 |           -58.1 |
|                Q2 |           -43.9 |
|       TestSuccess |               0 |
| TotalEnvInteracts |         3.1e+05 |
|         TotalTime |        1.91e+03 |
---------------------------------------
save model to: HER_DRLib_exps/2021-12-12_HER_mpi19_random_DDPGTorch_FetchSlide-v1/2021-12-12_16-59-43-HER_mpi19_random_DDPGTorch_FetchSlide-v1_s123
---------------------------------------
|             Epoch |              31 |
|             EpRet |            -200 |
|         EpRealRet |            -200 |
|         TestEpRet |            -200 |
|         AverageQ1 |             -44 |
|             StdQ1 |            5.21 |
|             MaxQ1 |           -23.3 |
|             MinQ1 |           -57.3 |
|                Q2 |             -44 |
|       TestSuccess |               0 |
| TotalEnvInteracts |         3.2e+05 |
|         TotalTime |        1.96e+03 |
---------------------------------------
save model to: HER_DRLib_exps/2021-12-12_HER_mpi19_random_DDPGTorch_FetchSlide-v1/2021-12-12_16-59-43-HER_mpi19_random_DDPGTorch_FetchSlide-v1_s123
---------------------------------------
|             Epoch |              32 |
|             EpRet |            -200 |
|         EpRealRet |            -200 |
|         TestEpRet |            -200 |
|         AverageQ1 |           -44.2 |
|             StdQ1 |            5.11 |
|             MaxQ1 |           -23.9 |
|             MinQ1 |           -56.5 |
|                Q2 |           -44.2 |
|       TestSuccess |               0 |
| TotalEnvInteracts |         3.3e+05 |
|         TotalTime |           2e+03 |
---------------------------------------
save model to: HER_DRLib_exps/2021-12-12_HER_mpi19_random_DDPGTorch_FetchSlide-v1/2021-12-12_16-59-43-HER_mpi19_random_DDPGTorch_FetchSlide-v1_s123
---------------------------------------
|             Epoch |              33 |
|             EpRet |            -200 |
|         EpRealRet |            -200 |
|         TestEpRet |            -200 |
|         AverageQ1 |           -44.4 |
|             StdQ1 |            5.02 |
|             MaxQ1 |           -23.3 |
|             MinQ1 |           -56.8 |
|                Q2 |           -44.4 |
|       TestSuccess |               0 |
| TotalEnvInteracts |         3.4e+05 |
|         TotalTime |        2.05e+03 |
---------------------------------------
save model to: HER_DRLib_exps/2021-12-12_HER_mpi19_random_DDPGTorch_FetchSlide-v1/2021-12-12_16-59-43-HER_mpi19_random_DDPGTorch_FetchSlide-v1_s123
---------------------------------------
|             Epoch |              34 |
|             EpRet |            -200 |
|         EpRealRet |            -200 |
|         TestEpRet |            -200 |
|         AverageQ1 |           -44.5 |
|             StdQ1 |            4.94 |
|             MaxQ1 |           -26.3 |
|             MinQ1 |           -56.5 |
|                Q2 |           -44.5 |
|       TestSuccess |               0 |
| TotalEnvInteracts |         3.5e+05 |
|         TotalTime |         2.1e+03 |
---------------------------------------
save model to: HER_DRLib_exps/2021-12-12_HER_mpi19_random_DDPGTorch_FetchSlide-v1/2021-12-12_16-59-43-HER_mpi19_random_DDPGTorch_FetchSlide-v1_s123
---------------------------------------
|             Epoch |              35 |
|             EpRet |            -200 |
|         EpRealRet |            -200 |
|         TestEpRet |            -200 |
|         AverageQ1 |           -44.6 |
|             StdQ1 |            4.86 |
|             MaxQ1 |           -27.4 |
|             MinQ1 |           -56.8 |
|                Q2 |           -44.6 |
|       TestSuccess |               0 |
| TotalEnvInteracts |         3.6e+05 |
|         TotalTime |        2.14e+03 |
---------------------------------------
save model to: HER_DRLib_exps/2021-12-12_HER_mpi19_random_DDPGTorch_FetchSlide-v1/2021-12-12_16-59-43-HER_mpi19_random_DDPGTorch_FetchSlide-v1_s123
---------------------------------------
|             Epoch |              36 |
|             EpRet |            -200 |
|         EpRealRet |            -200 |
|         TestEpRet |            -200 |
|         AverageQ1 |           -44.7 |
|             StdQ1 |             4.8 |
|             MaxQ1 |           -26.9 |
|             MinQ1 |           -55.9 |
|                Q2 |           -44.7 |
|       TestSuccess |               0 |
| TotalEnvInteracts |         3.7e+05 |
|         TotalTime |        2.19e+03 |
---------------------------------------
save model to: HER_DRLib_exps/2021-12-12_HER_mpi19_random_DDPGTorch_FetchSlide-v1/2021-12-12_16-59-43-HER_mpi19_random_DDPGTorch_FetchSlide-v1_s123
---------------------------------------
|             Epoch |              37 |
|             EpRet |            -200 |
|         EpRealRet |            -200 |
|         TestEpRet |            -200 |
|         AverageQ1 |           -44.8 |
|             StdQ1 |            4.74 |
|             MaxQ1 |           -27.1 |
|             MinQ1 |           -56.3 |
|                Q2 |           -44.8 |
|       TestSuccess |               0 |
| TotalEnvInteracts |         3.8e+05 |
|         TotalTime |        2.24e+03 |
---------------------------------------
save model to: HER_DRLib_exps/2021-12-12_HER_mpi19_random_DDPGTorch_FetchSlide-v1/2021-12-12_16-59-43-HER_mpi19_random_DDPGTorch_FetchSlide-v1_s123
---------------------------------------
|             Epoch |              38 |
|             EpRet |            -200 |
|         EpRealRet |            -200 |
|         TestEpRet |            -200 |
|         AverageQ1 |           -44.9 |
|             StdQ1 |            4.67 |
|             MaxQ1 |           -28.2 |
|             MinQ1 |           -55.9 |
|                Q2 |           -44.9 |
|       TestSuccess |               0 |
| TotalEnvInteracts |         3.9e+05 |
|         TotalTime |        2.28e+03 |
---------------------------------------
save model to: HER_DRLib_exps/2021-12-12_HER_mpi19_random_DDPGTorch_FetchSlide-v1/2021-12-12_16-59-43-HER_mpi19_random_DDPGTorch_FetchSlide-v1_s123
---------------------------------------
|             Epoch |              39 |
|             EpRet |            -200 |
|         EpRealRet |            -200 |
|         TestEpRet |            -200 |
|         AverageQ1 |           -45.1 |
|             StdQ1 |            4.62 |
|             MaxQ1 |           -27.7 |
|             MinQ1 |           -55.4 |
|                Q2 |           -45.1 |
|       TestSuccess |               0 |
| TotalEnvInteracts |           4e+05 |
|         TotalTime |        2.33e+03 |
---------------------------------------
save model to: HER_DRLib_exps/2021-12-12_HER_mpi19_random_DDPGTorch_FetchSlide-v1/2021-12-12_16-59-43-HER_mpi19_random_DDPGTorch_FetchSlide-v1_s123
---------------------------------------
|             Epoch |              40 |
|             EpRet |            -200 |
|         EpRealRet |            -200 |
|         TestEpRet |            -200 |
|         AverageQ1 |           -45.2 |
|             StdQ1 |            4.58 |
|             MaxQ1 |           -28.3 |
|             MinQ1 |           -55.5 |
|                Q2 |           -45.2 |
|       TestSuccess |               0 |
| TotalEnvInteracts |         4.1e+05 |
|         TotalTime |        2.38e+03 |
---------------------------------------
save model to: HER_DRLib_exps/2021-12-12_HER_mpi19_random_DDPGTorch_FetchSlide-v1/2021-12-12_16-59-43-HER_mpi19_random_DDPGTorch_FetchSlide-v1_s123
---------------------------------------
|             Epoch |              41 |
|             EpRet |            -200 |
|         EpRealRet |            -200 |
|         TestEpRet |            -200 |
|         AverageQ1 |           -45.2 |
|             StdQ1 |            4.55 |
|             MaxQ1 |           -28.2 |
|             MinQ1 |           -55.1 |
|                Q2 |           -45.2 |
|       TestSuccess |               0 |
| TotalEnvInteracts |         4.2e+05 |
|         TotalTime |        2.42e+03 |
---------------------------------------
save model to: HER_DRLib_exps/2021-12-12_HER_mpi19_random_DDPGTorch_FetchSlide-v1/2021-12-12_16-59-43-HER_mpi19_random_DDPGTorch_FetchSlide-v1_s123
---------------------------------------
|             Epoch |              42 |
|             EpRet |            -200 |
|         EpRealRet |            -200 |
|         TestEpRet |            -200 |
|         AverageQ1 |           -45.3 |
|             StdQ1 |            4.51 |
|             MaxQ1 |           -28.6 |
|             MinQ1 |             -55 |
|                Q2 |           -45.3 |
|       TestSuccess |               0 |
| TotalEnvInteracts |         4.3e+05 |
|         TotalTime |        2.47e+03 |
---------------------------------------
save model to: HER_DRLib_exps/2021-12-12_HER_mpi19_random_DDPGTorch_FetchSlide-v1/2021-12-12_16-59-43-HER_mpi19_random_DDPGTorch_FetchSlide-v1_s123
---------------------------------------
|             Epoch |              43 |
|             EpRet |            -200 |
|         EpRealRet |            -200 |
|         TestEpRet |            -200 |
|         AverageQ1 |           -45.4 |
|             StdQ1 |            4.46 |
|             MaxQ1 |           -28.2 |
|             MinQ1 |           -54.9 |
|                Q2 |           -45.4 |
|       TestSuccess |               0 |
| TotalEnvInteracts |         4.4e+05 |
|         TotalTime |        2.52e+03 |
---------------------------------------
save model to: HER_DRLib_exps/2021-12-12_HER_mpi19_random_DDPGTorch_FetchSlide-v1/2021-12-12_16-59-43-HER_mpi19_random_DDPGTorch_FetchSlide-v1_s123
---------------------------------------
|             Epoch |              44 |
|             EpRet |            -200 |
|         EpRealRet |            -200 |
|         TestEpRet |            -200 |
|         AverageQ1 |           -45.4 |
|             StdQ1 |            4.45 |
|             MaxQ1 |           -29.2 |
|             MinQ1 |           -54.8 |
|                Q2 |           -45.4 |
|       TestSuccess |               0 |
| TotalEnvInteracts |         4.5e+05 |
|         TotalTime |        2.56e+03 |
---------------------------------------
save model to: HER_DRLib_exps/2021-12-12_HER_mpi19_random_DDPGTorch_FetchSlide-v1/2021-12-12_16-59-43-HER_mpi19_random_DDPGTorch_FetchSlide-v1_s123
---------------------------------------
|             Epoch |              45 |
|             EpRet |            -200 |
|         EpRealRet |            -200 |
|         TestEpRet |            -200 |
|         AverageQ1 |           -45.4 |
|             StdQ1 |            4.43 |
|             MaxQ1 |           -29.3 |
|             MinQ1 |           -54.6 |
|                Q2 |           -45.4 |
|       TestSuccess |               0 |
| TotalEnvInteracts |         4.6e+05 |
|         TotalTime |        2.61e+03 |
---------------------------------------
save model to: HER_DRLib_exps/2021-12-12_HER_mpi19_random_DDPGTorch_FetchSlide-v1/2021-12-12_16-59-43-HER_mpi19_random_DDPGTorch_FetchSlide-v1_s123
---------------------------------------
|             Epoch |              46 |
|             EpRet |            -200 |
|         EpRealRet |            -200 |
|         TestEpRet |            -200 |
|         AverageQ1 |           -45.4 |
|             StdQ1 |            4.43 |
|             MaxQ1 |           -28.9 |
|             MinQ1 |           -53.9 |
|                Q2 |           -45.4 |
|       TestSuccess |               0 |
| TotalEnvInteracts |         4.7e+05 |
|         TotalTime |        2.65e+03 |
---------------------------------------
save model to: HER_DRLib_exps/2021-12-12_HER_mpi19_random_DDPGTorch_FetchSlide-v1/2021-12-12_16-59-43-HER_mpi19_random_DDPGTorch_FetchSlide-v1_s123
---------------------------------------
|             Epoch |              47 |
|             EpRet |            -200 |
|         EpRealRet |            -200 |
|         TestEpRet |            -200 |
|         AverageQ1 |           -45.4 |
|             StdQ1 |            4.43 |
|             MaxQ1 |           -29.3 |
|             MinQ1 |           -53.5 |
|                Q2 |           -45.4 |
|       TestSuccess |               0 |
| TotalEnvInteracts |         4.8e+05 |
|         TotalTime |         2.7e+03 |
---------------------------------------
save model to: HER_DRLib_exps/2021-12-12_HER_mpi19_random_DDPGTorch_FetchSlide-v1/2021-12-12_16-59-43-HER_mpi19_random_DDPGTorch_FetchSlide-v1_s123
---------------------------------------
|             Epoch |              48 |
|             EpRet |            -200 |
|         EpRealRet |            -200 |
|         TestEpRet |            -200 |
|         AverageQ1 |           -45.4 |
|             StdQ1 |            4.46 |
|             MaxQ1 |           -29.8 |
|             MinQ1 |             -54 |
|                Q2 |           -45.4 |
|       TestSuccess |               0 |
| TotalEnvInteracts |         4.9e+05 |
|         TotalTime |        2.75e+03 |
---------------------------------------
save model to: HER_DRLib_exps/2021-12-12_HER_mpi19_random_DDPGTorch_FetchSlide-v1/2021-12-12_16-59-43-HER_mpi19_random_DDPGTorch_FetchSlide-v1_s123
---------------------------------------
|             Epoch |              49 |
|             EpRet |            -200 |
|         EpRealRet |            -200 |
|         TestEpRet |            -200 |
|         AverageQ1 |           -45.4 |
|             StdQ1 |             4.5 |
|             MaxQ1 |           -29.8 |
|             MinQ1 |             -54 |
|                Q2 |           -45.4 |
|       TestSuccess |               0 |
| TotalEnvInteracts |           5e+05 |
|         TotalTime |        2.79e+03 |
---------------------------------------
save model to: HER_DRLib_exps/2021-12-12_HER_mpi19_random_DDPGTorch_FetchSlide-v1/2021-12-12_16-59-43-HER_mpi19_random_DDPGTorch_FetchSlide-v1_s123
---------------------------------------
|             Epoch |              50 |
|             EpRet |            -200 |
|         EpRealRet |            -200 |
|         TestEpRet |            -200 |
|         AverageQ1 |           -45.4 |
|             StdQ1 |             4.5 |
|             MaxQ1 |           -29.3 |
|             MinQ1 |           -54.1 |
|                Q2 |           -45.4 |
|       TestSuccess |               0 |
| TotalEnvInteracts |         5.1e+05 |
|         TotalTime |        2.84e+03 |
---------------------------------------
save model to: HER_DRLib_exps/2021-12-12_HER_mpi19_random_DDPGTorch_FetchSlide-v1/2021-12-12_16-59-43-HER_mpi19_random_DDPGTorch_FetchSlide-v1_s123
---------------------------------------
|             Epoch |              51 |
|             EpRet |            -200 |
|         EpRealRet |            -200 |
|         TestEpRet |            -200 |
|         AverageQ1 |           -45.4 |
|             StdQ1 |            4.49 |
|             MaxQ1 |           -29.4 |
|             MinQ1 |             -54 |
|                Q2 |           -45.4 |
|       TestSuccess |               0 |
| TotalEnvInteracts |         5.2e+05 |
|         TotalTime |        2.89e+03 |
---------------------------------------
save model to: HER_DRLib_exps/2021-12-12_HER_mpi19_random_DDPGTorch_FetchSlide-v1/2021-12-12_16-59-43-HER_mpi19_random_DDPGTorch_FetchSlide-v1_s123
---------------------------------------
|             Epoch |              52 |
|             EpRet |            -200 |
|         EpRealRet |            -200 |
|         TestEpRet |            -200 |
|         AverageQ1 |           -45.4 |
|             StdQ1 |            4.52 |
|             MaxQ1 |           -29.1 |
|             MinQ1 |           -53.9 |
|                Q2 |           -45.4 |
|       TestSuccess |               0 |
| TotalEnvInteracts |         5.3e+05 |
|         TotalTime |        2.93e+03 |
---------------------------------------
save model to: HER_DRLib_exps/2021-12-12_HER_mpi19_random_DDPGTorch_FetchSlide-v1/2021-12-12_16-59-43-HER_mpi19_random_DDPGTorch_FetchSlide-v1_s123
---------------------------------------
|             Epoch |              53 |
|             EpRet |            -200 |
|         EpRealRet |            -200 |
|         TestEpRet |            -200 |
|         AverageQ1 |           -45.4 |
|             StdQ1 |            4.51 |
|             MaxQ1 |           -29.5 |
|             MinQ1 |             -54 |
|                Q2 |           -45.4 |
|       TestSuccess |               0 |
| TotalEnvInteracts |         5.4e+05 |
|         TotalTime |        2.98e+03 |
---------------------------------------
save model to: HER_DRLib_exps/2021-12-12_HER_mpi19_random_DDPGTorch_FetchSlide-v1/2021-12-12_16-59-43-HER_mpi19_random_DDPGTorch_FetchSlide-v1_s123
---------------------------------------
|             Epoch |              54 |
|             EpRet |            -200 |
|         EpRealRet |            -200 |
|         TestEpRet |            -200 |
|         AverageQ1 |           -45.4 |
|             StdQ1 |            4.49 |
|             MaxQ1 |           -29.9 |
|             MinQ1 |           -53.9 |
|                Q2 |           -45.4 |
|       TestSuccess |               0 |
| TotalEnvInteracts |         5.5e+05 |
|         TotalTime |        3.03e+03 |
---------------------------------------
save model to: HER_DRLib_exps/2021-12-12_HER_mpi19_random_DDPGTorch_FetchSlide-v1/2021-12-12_16-59-43-HER_mpi19_random_DDPGTorch_FetchSlide-v1_s123
---------------------------------------
|             Epoch |              55 |
|             EpRet |            -200 |
|         EpRealRet |            -200 |
|         TestEpRet |            -200 |
|         AverageQ1 |           -45.4 |
|             StdQ1 |            4.49 |
|             MaxQ1 |           -30.3 |
|             MinQ1 |           -53.7 |
|                Q2 |           -45.4 |
|       TestSuccess |               0 |
| TotalEnvInteracts |         5.6e+05 |
|         TotalTime |        3.07e+03 |
---------------------------------------
save model to: HER_DRLib_exps/2021-12-12_HER_mpi19_random_DDPGTorch_FetchSlide-v1/2021-12-12_16-59-43-HER_mpi19_random_DDPGTorch_FetchSlide-v1_s123
---------------------------------------
|             Epoch |              56 |
|             EpRet |            -200 |
|         EpRealRet |            -200 |
|         TestEpRet |            -200 |
|         AverageQ1 |           -45.4 |
|             StdQ1 |            4.47 |
|             MaxQ1 |           -30.4 |
|             MinQ1 |           -53.7 |
|                Q2 |           -45.4 |
|       TestSuccess |               0 |
| TotalEnvInteracts |         5.7e+05 |
|         TotalTime |        3.12e+03 |
---------------------------------------
save model to: HER_DRLib_exps/2021-12-12_HER_mpi19_random_DDPGTorch_FetchSlide-v1/2021-12-12_16-59-43-HER_mpi19_random_DDPGTorch_FetchSlide-v1_s123
---------------------------------------
|             Epoch |              57 |
|             EpRet |            -200 |
|         EpRealRet |            -200 |
|         TestEpRet |            -200 |
|         AverageQ1 |           -45.4 |
|             StdQ1 |            4.44 |
|             MaxQ1 |           -30.5 |
|             MinQ1 |             -54 |
|                Q2 |           -45.4 |
|       TestSuccess |               0 |
| TotalEnvInteracts |         5.8e+05 |
|         TotalTime |        3.17e+03 |
---------------------------------------
save model to: HER_DRLib_exps/2021-12-12_HER_mpi19_random_DDPGTorch_FetchSlide-v1/2021-12-12_16-59-43-HER_mpi19_random_DDPGTorch_FetchSlide-v1_s123
---------------------------------------
|             Epoch |              58 |
|             EpRet |            -200 |
|         EpRealRet |            -200 |
|         TestEpRet |            -200 |
|         AverageQ1 |           -45.4 |
|             StdQ1 |            4.45 |
|             MaxQ1 |           -30.4 |
|             MinQ1 |           -53.5 |
|                Q2 |           -45.4 |
|       TestSuccess |               0 |
| TotalEnvInteracts |         5.9e+05 |
|         TotalTime |        3.21e+03 |
---------------------------------------
save model to: HER_DRLib_exps/2021-12-12_HER_mpi19_random_DDPGTorch_FetchSlide-v1/2021-12-12_16-59-43-HER_mpi19_random_DDPGTorch_FetchSlide-v1_s123
---------------------------------------
|             Epoch |              59 |
|             EpRet |            -200 |
|         EpRealRet |            -200 |
|         TestEpRet |            -200 |
|         AverageQ1 |           -45.4 |
|             StdQ1 |            4.46 |
|             MaxQ1 |           -30.7 |
|             MinQ1 |           -53.6 |
|                Q2 |           -45.4 |
|       TestSuccess |               0 |
| TotalEnvInteracts |           6e+05 |
|         TotalTime |        3.26e+03 |
---------------------------------------
save model to: HER_DRLib_exps/2021-12-12_HER_mpi19_random_DDPGTorch_FetchSlide-v1/2021-12-12_16-59-43-HER_mpi19_random_DDPGTorch_FetchSlide-v1_s123
---------------------------------------
|             Epoch |              60 |
|             EpRet |            -200 |
|         EpRealRet |            -200 |
|         TestEpRet |            -200 |
|         AverageQ1 |           -45.4 |
|             StdQ1 |            4.45 |
|             MaxQ1 |           -30.9 |
|             MinQ1 |           -53.7 |
|                Q2 |           -45.4 |
|       TestSuccess |               0 |
| TotalEnvInteracts |         6.1e+05 |
|         TotalTime |        3.31e+03 |
---------------------------------------
save model to: HER_DRLib_exps/2021-12-12_HER_mpi19_random_DDPGTorch_FetchSlide-v1/2021-12-12_16-59-43-HER_mpi19_random_DDPGTorch_FetchSlide-v1_s123
---------------------------------------
|             Epoch |              61 |
|             EpRet |            -200 |
|         EpRealRet |            -200 |
|         TestEpRet |            -200 |
|         AverageQ1 |           -45.4 |
|             StdQ1 |            4.46 |
|             MaxQ1 |           -29.9 |
|             MinQ1 |           -53.4 |
|                Q2 |           -45.4 |
|       TestSuccess |               0 |
| TotalEnvInteracts |         6.2e+05 |
|         TotalTime |        3.35e+03 |
---------------------------------------
save model to: HER_DRLib_exps/2021-12-12_HER_mpi19_random_DDPGTorch_FetchSlide-v1/2021-12-12_16-59-43-HER_mpi19_random_DDPGTorch_FetchSlide-v1_s123
---------------------------------------
|             Epoch |              62 |
|             EpRet |            -200 |
|         EpRealRet |            -200 |
|         TestEpRet |            -200 |
|         AverageQ1 |           -45.4 |
|             StdQ1 |            4.46 |
|             MaxQ1 |           -30.4 |
|             MinQ1 |           -53.4 |
|                Q2 |           -45.4 |
|       TestSuccess |               0 |
| TotalEnvInteracts |         6.3e+05 |
|         TotalTime |         3.4e+03 |
---------------------------------------
save model to: HER_DRLib_exps/2021-12-12_HER_mpi19_random_DDPGTorch_FetchSlide-v1/2021-12-12_16-59-43-HER_mpi19_random_DDPGTorch_FetchSlide-v1_s123
---------------------------------------
|             Epoch |              63 |
|             EpRet |            -200 |
|         EpRealRet |            -200 |
|         TestEpRet |            -200 |
|         AverageQ1 |           -45.4 |
|             StdQ1 |            4.47 |
|             MaxQ1 |           -30.3 |
|             MinQ1 |           -54.4 |
|                Q2 |           -45.4 |
|       TestSuccess |               0 |
| TotalEnvInteracts |         6.4e+05 |
|         TotalTime |        3.45e+03 |
---------------------------------------
save model to: HER_DRLib_exps/2021-12-12_HER_mpi19_random_DDPGTorch_FetchSlide-v1/2021-12-12_16-59-43-HER_mpi19_random_DDPGTorch_FetchSlide-v1_s123
---------------------------------------
|             Epoch |              64 |
|             EpRet |            -200 |
|         EpRealRet |            -200 |
|         TestEpRet |            -200 |
|         AverageQ1 |           -45.4 |
|             StdQ1 |            4.45 |
|             MaxQ1 |           -30.5 |
|             MinQ1 |           -53.5 |
|                Q2 |           -45.4 |
|       TestSuccess |               0 |
| TotalEnvInteracts |         6.5e+05 |
|         TotalTime |        3.49e+03 |
---------------------------------------
save model to: HER_DRLib_exps/2021-12-12_HER_mpi19_random_DDPGTorch_FetchSlide-v1/2021-12-12_16-59-43-HER_mpi19_random_DDPGTorch_FetchSlide-v1_s123
---------------------------------------
|             Epoch |              65 |
|             EpRet |            -200 |
|         EpRealRet |            -200 |
|         TestEpRet |            -200 |
|         AverageQ1 |           -45.4 |
|             StdQ1 |            4.46 |
|             MaxQ1 |           -30.8 |
|             MinQ1 |           -53.3 |
|                Q2 |           -45.4 |
|       TestSuccess |               0 |
| TotalEnvInteracts |         6.6e+05 |
|         TotalTime |        3.54e+03 |
---------------------------------------
save model to: HER_DRLib_exps/2021-12-12_HER_mpi19_random_DDPGTorch_FetchSlide-v1/2021-12-12_16-59-43-HER_mpi19_random_DDPGTorch_FetchSlide-v1_s123
---------------------------------------
|             Epoch |              66 |
|             EpRet |            -200 |
|         EpRealRet |            -200 |
|         TestEpRet |            -200 |
|         AverageQ1 |           -45.4 |
|             StdQ1 |            4.46 |
|             MaxQ1 |             -31 |
|             MinQ1 |           -53.2 |
|                Q2 |           -45.4 |
|       TestSuccess |               0 |
| TotalEnvInteracts |         6.7e+05 |
|         TotalTime |        3.59e+03 |
---------------------------------------
save model to: HER_DRLib_exps/2021-12-12_HER_mpi19_random_DDPGTorch_FetchSlide-v1/2021-12-12_16-59-43-HER_mpi19_random_DDPGTorch_FetchSlide-v1_s123
---------------------------------------
|             Epoch |              67 |
|             EpRet |            -200 |
|         EpRealRet |            -200 |
|         TestEpRet |            -200 |
|         AverageQ1 |           -45.4 |
|             StdQ1 |            4.45 |
|             MaxQ1 |           -31.3 |
|             MinQ1 |           -53.4 |
|                Q2 |           -45.4 |
|       TestSuccess |               0 |
| TotalEnvInteracts |         6.8e+05 |
|         TotalTime |        3.63e+03 |
---------------------------------------
save model to: HER_DRLib_exps/2021-12-12_HER_mpi19_random_DDPGTorch_FetchSlide-v1/2021-12-12_16-59-43-HER_mpi19_random_DDPGTorch_FetchSlide-v1_s123
---------------------------------------
|             Epoch |              68 |
|             EpRet |            -200 |
|         EpRealRet |            -200 |
|         TestEpRet |            -200 |
|         AverageQ1 |           -45.4 |
|             StdQ1 |            4.45 |
|             MaxQ1 |           -31.3 |
|             MinQ1 |           -53.1 |
|                Q2 |           -45.4 |
|       TestSuccess |               0 |
| TotalEnvInteracts |         6.9e+05 |
|         TotalTime |        3.68e+03 |
---------------------------------------
save model to: HER_DRLib_exps/2021-12-12_HER_mpi19_random_DDPGTorch_FetchSlide-v1/2021-12-12_16-59-43-HER_mpi19_random_DDPGTorch_FetchSlide-v1_s123
---------------------------------------
|             Epoch |              69 |
|             EpRet |            -200 |
|         EpRealRet |            -200 |
|         TestEpRet |            -200 |
|         AverageQ1 |           -45.4 |
|             StdQ1 |            4.46 |
|             MaxQ1 |           -30.9 |
|             MinQ1 |           -53.1 |
|                Q2 |           -45.4 |
|       TestSuccess |               0 |
| TotalEnvInteracts |           7e+05 |
|         TotalTime |        3.73e+03 |
---------------------------------------
save model to: HER_DRLib_exps/2021-12-12_HER_mpi19_random_DDPGTorch_FetchSlide-v1/2021-12-12_16-59-43-HER_mpi19_random_DDPGTorch_FetchSlide-v1_s123
---------------------------------------
|             Epoch |              70 |
|             EpRet |            -200 |
|         EpRealRet |            -200 |
|         TestEpRet |            -200 |
|         AverageQ1 |           -45.4 |
|             StdQ1 |            4.44 |
|             MaxQ1 |           -30.5 |
|             MinQ1 |           -53.5 |
|                Q2 |           -45.4 |
|       TestSuccess |               0 |
| TotalEnvInteracts |         7.1e+05 |
|         TotalTime |        3.77e+03 |
---------------------------------------
save model to: HER_DRLib_exps/2021-12-12_HER_mpi19_random_DDPGTorch_FetchSlide-v1/2021-12-12_16-59-43-HER_mpi19_random_DDPGTorch_FetchSlide-v1_s123
---------------------------------------
|             Epoch |              71 |
|             EpRet |            -200 |
|         EpRealRet |            -200 |
|         TestEpRet |            -200 |
|         AverageQ1 |           -45.4 |
|             StdQ1 |            4.43 |
|             MaxQ1 |           -31.3 |
|             MinQ1 |           -53.2 |
|                Q2 |           -45.4 |
|       TestSuccess |               0 |
| TotalEnvInteracts |         7.2e+05 |
|         TotalTime |        3.82e+03 |
---------------------------------------
save model to: HER_DRLib_exps/2021-12-12_HER_mpi19_random_DDPGTorch_FetchSlide-v1/2021-12-12_16-59-43-HER_mpi19_random_DDPGTorch_FetchSlide-v1_s123
---------------------------------------
|             Epoch |              72 |
|             EpRet |            -200 |
|         EpRealRet |            -200 |
|         TestEpRet |            -200 |
|         AverageQ1 |           -45.5 |
|             StdQ1 |            4.42 |
|             MaxQ1 |           -31.7 |
|             MinQ1 |           -53.4 |
|                Q2 |           -45.5 |
|       TestSuccess |               0 |
| TotalEnvInteracts |         7.3e+05 |
|         TotalTime |        3.87e+03 |
---------------------------------------
save model to: HER_DRLib_exps/2021-12-12_HER_mpi19_random_DDPGTorch_FetchSlide-v1/2021-12-12_16-59-43-HER_mpi19_random_DDPGTorch_FetchSlide-v1_s123
---------------------------------------
|             Epoch |              73 |
|             EpRet |            -200 |
|         EpRealRet |            -200 |
|         TestEpRet |            -200 |
|         AverageQ1 |           -45.5 |
|             StdQ1 |            4.41 |
|             MaxQ1 |           -31.2 |
|             MinQ1 |             -53 |
|                Q2 |           -45.5 |
|       TestSuccess |               0 |
| TotalEnvInteracts |         7.4e+05 |
|         TotalTime |        3.92e+03 |
---------------------------------------
save model to: HER_DRLib_exps/2021-12-12_HER_mpi19_random_DDPGTorch_FetchSlide-v1/2021-12-12_16-59-43-HER_mpi19_random_DDPGTorch_FetchSlide-v1_s123
---------------------------------------
|             Epoch |              74 |
|             EpRet |            -200 |
|         EpRealRet |            -200 |
|         TestEpRet |            -200 |
|         AverageQ1 |           -45.5 |
|             StdQ1 |            4.44 |
|             MaxQ1 |           -30.8 |
|             MinQ1 |           -52.8 |
|                Q2 |           -45.5 |
|       TestSuccess |               0 |
| TotalEnvInteracts |         7.5e+05 |
|         TotalTime |        3.96e+03 |
---------------------------------------
save model to: HER_DRLib_exps/2021-12-12_HER_mpi19_random_DDPGTorch_FetchSlide-v1/2021-12-12_16-59-43-HER_mpi19_random_DDPGTorch_FetchSlide-v1_s123
---------------------------------------
|             Epoch |              75 |
|             EpRet |            -200 |
|         EpRealRet |            -200 |
|         TestEpRet |            -200 |
|         AverageQ1 |           -45.5 |
|             StdQ1 |            4.43 |
|             MaxQ1 |           -30.9 |
|             MinQ1 |           -53.1 |
|                Q2 |           -45.5 |
|       TestSuccess |               0 |
| TotalEnvInteracts |         7.6e+05 |
|         TotalTime |        4.01e+03 |
---------------------------------------
save model to: HER_DRLib_exps/2021-12-12_HER_mpi19_random_DDPGTorch_FetchSlide-v1/2021-12-12_16-59-43-HER_mpi19_random_DDPGTorch_FetchSlide-v1_s123
---------------------------------------
|             Epoch |              76 |
|             EpRet |            -200 |
|         EpRealRet |            -200 |
|         TestEpRet |            -200 |
|         AverageQ1 |           -45.5 |
|             StdQ1 |            4.43 |
|             MaxQ1 |           -30.7 |
|             MinQ1 |           -52.8 |
|                Q2 |           -45.5 |
|       TestSuccess |               0 |
| TotalEnvInteracts |         7.7e+05 |
|         TotalTime |        4.06e+03 |
---------------------------------------
save model to: HER_DRLib_exps/2021-12-12_HER_mpi19_random_DDPGTorch_FetchSlide-v1/2021-12-12_16-59-43-HER_mpi19_random_DDPGTorch_FetchSlide-v1_s123
---------------------------------------
|             Epoch |              77 |
|             EpRet |            -200 |
|         EpRealRet |            -200 |
|         TestEpRet |            -200 |
|         AverageQ1 |           -45.5 |
|             StdQ1 |            4.41 |
|             MaxQ1 |           -30.9 |
|             MinQ1 |             -53 |
|                Q2 |           -45.5 |
|       TestSuccess |               0 |
| TotalEnvInteracts |         7.8e+05 |
|         TotalTime |         4.1e+03 |
---------------------------------------
save model to: HER_DRLib_exps/2021-12-12_HER_mpi19_random_DDPGTorch_FetchSlide-v1/2021-12-12_16-59-43-HER_mpi19_random_DDPGTorch_FetchSlide-v1_s123
---------------------------------------
|             Epoch |              78 |
|             EpRet |            -200 |
|         EpRealRet |            -200 |
|         TestEpRet |            -200 |
|         AverageQ1 |           -45.5 |
|             StdQ1 |            4.41 |
|             MaxQ1 |           -30.7 |
|             MinQ1 |           -53.1 |
|                Q2 |           -45.5 |
|       TestSuccess |               0 |
| TotalEnvInteracts |         7.9e+05 |
|         TotalTime |        4.17e+03 |
---------------------------------------
save model to: HER_DRLib_exps/2021-12-12_HER_mpi19_random_DDPGTorch_FetchSlide-v1/2021-12-12_16-59-43-HER_mpi19_random_DDPGTorch_FetchSlide-v1_s123
---------------------------------------
|             Epoch |              79 |
|             EpRet |            -200 |
|         EpRealRet |            -200 |
|         TestEpRet |            -200 |
|         AverageQ1 |           -45.5 |
|             StdQ1 |            4.41 |
|             MaxQ1 |           -30.5 |
|             MinQ1 |           -53.5 |
|                Q2 |           -45.5 |
|       TestSuccess |               0 |
| TotalEnvInteracts |           8e+05 |
|         TotalTime |        4.23e+03 |
---------------------------------------
save model to: HER_DRLib_exps/2021-12-12_HER_mpi19_random_DDPGTorch_FetchSlide-v1/2021-12-12_16-59-43-HER_mpi19_random_DDPGTorch_FetchSlide-v1_s123
---------------------------------------
|             Epoch |              80 |
|             EpRet |            -200 |
|         EpRealRet |            -200 |
|         TestEpRet |            -200 |
|         AverageQ1 |           -45.5 |
|             StdQ1 |            4.42 |
|             MaxQ1 |           -30.3 |
|             MinQ1 |           -52.8 |
|                Q2 |           -45.5 |
|       TestSuccess |               0 |
| TotalEnvInteracts |         8.1e+05 |
|         TotalTime |        4.29e+03 |
---------------------------------------
save model to: HER_DRLib_exps/2021-12-12_HER_mpi19_random_DDPGTorch_FetchSlide-v1/2021-12-12_16-59-43-HER_mpi19_random_DDPGTorch_FetchSlide-v1_s123
---------------------------------------
|             Epoch |              81 |
|             EpRet |            -200 |
|         EpRealRet |            -200 |
|         TestEpRet |            -200 |
|         AverageQ1 |           -45.5 |
|             StdQ1 |            4.42 |
|             MaxQ1 |           -30.3 |
|             MinQ1 |           -53.2 |
|                Q2 |           -45.5 |
|       TestSuccess |               0 |
| TotalEnvInteracts |         8.2e+05 |
|         TotalTime |        4.35e+03 |
---------------------------------------
save model to: HER_DRLib_exps/2021-12-12_HER_mpi19_random_DDPGTorch_FetchSlide-v1/2021-12-12_16-59-43-HER_mpi19_random_DDPGTorch_FetchSlide-v1_s123
---------------------------------------
|             Epoch |              82 |
|             EpRet |            -200 |
|         EpRealRet |            -200 |
|         TestEpRet |            -200 |
|         AverageQ1 |           -45.5 |
|             StdQ1 |            4.42 |
|             MaxQ1 |           -30.8 |
|             MinQ1 |           -52.7 |
|                Q2 |           -45.5 |
|       TestSuccess |               0 |
| TotalEnvInteracts |         8.3e+05 |
|         TotalTime |        4.41e+03 |
---------------------------------------
save model to: HER_DRLib_exps/2021-12-12_HER_mpi19_random_DDPGTorch_FetchSlide-v1/2021-12-12_16-59-43-HER_mpi19_random_DDPGTorch_FetchSlide-v1_s123
---------------------------------------
|             Epoch |              83 |
|             EpRet |            -200 |
|         EpRealRet |            -200 |
|         TestEpRet |            -200 |
|         AverageQ1 |           -45.4 |
|             StdQ1 |            4.47 |
|             MaxQ1 |           -30.3 |
|             MinQ1 |           -52.9 |
|                Q2 |           -45.4 |
|       TestSuccess |               0 |
| TotalEnvInteracts |         8.4e+05 |
|         TotalTime |        4.47e+03 |
---------------------------------------
save model to: HER_DRLib_exps/2021-12-12_HER_mpi19_random_DDPGTorch_FetchSlide-v1/2021-12-12_16-59-43-HER_mpi19_random_DDPGTorch_FetchSlide-v1_s123
---------------------------------------
|             Epoch |              84 |
|             EpRet |            -200 |
|         EpRealRet |            -200 |
|         TestEpRet |            -200 |
|         AverageQ1 |           -45.5 |
|             StdQ1 |            4.44 |
|             MaxQ1 |           -30.8 |
|             MinQ1 |           -52.6 |
|                Q2 |           -45.5 |
|       TestSuccess |               0 |
| TotalEnvInteracts |         8.5e+05 |
|         TotalTime |        4.53e+03 |
---------------------------------------
save model to: HER_DRLib_exps/2021-12-12_HER_mpi19_random_DDPGTorch_FetchSlide-v1/2021-12-12_16-59-43-HER_mpi19_random_DDPGTorch_FetchSlide-v1_s123
---------------------------------------
|             Epoch |              85 |
|             EpRet |            -200 |
|         EpRealRet |            -200 |
|         TestEpRet |            -200 |
|         AverageQ1 |           -45.5 |
|             StdQ1 |            4.47 |
|             MaxQ1 |           -30.4 |
|             MinQ1 |           -52.8 |
|                Q2 |           -45.5 |
|       TestSuccess |               0 |
| TotalEnvInteracts |         8.6e+05 |
|         TotalTime |        4.59e+03 |
---------------------------------------
save model to: HER_DRLib_exps/2021-12-12_HER_mpi19_random_DDPGTorch_FetchSlide-v1/2021-12-12_16-59-43-HER_mpi19_random_DDPGTorch_FetchSlide-v1_s123
---------------------------------------
|             Epoch |              86 |
|             EpRet |            -200 |
|         EpRealRet |            -200 |
|         TestEpRet |            -200 |
|         AverageQ1 |           -45.4 |
|             StdQ1 |            4.51 |
|             MaxQ1 |           -28.3 |
|             MinQ1 |           -52.7 |
|                Q2 |           -45.4 |
|       TestSuccess |               0 |
| TotalEnvInteracts |         8.7e+05 |
|         TotalTime |        4.64e+03 |
---------------------------------------
save model to: HER_DRLib_exps/2021-12-12_HER_mpi19_random_DDPGTorch_FetchSlide-v1/2021-12-12_16-59-43-HER_mpi19_random_DDPGTorch_FetchSlide-v1_s123
---------------------------------------
|             Epoch |              87 |
|             EpRet |            -200 |
|         EpRealRet |            -200 |
|         TestEpRet |            -200 |
|         AverageQ1 |           -45.4 |
|             StdQ1 |            4.48 |
|             MaxQ1 |           -28.8 |
|             MinQ1 |           -52.7 |
|                Q2 |           -45.4 |
|       TestSuccess |               0 |
| TotalEnvInteracts |         8.8e+05 |
|         TotalTime |        4.68e+03 |
---------------------------------------
save model to: HER_DRLib_exps/2021-12-12_HER_mpi19_random_DDPGTorch_FetchSlide-v1/2021-12-12_16-59-43-HER_mpi19_random_DDPGTorch_FetchSlide-v1_s123
---------------------------------------
|             Epoch |              88 |
|             EpRet |            -200 |
|         EpRealRet |            -200 |
|         TestEpRet |            -200 |
|         AverageQ1 |           -45.4 |
|             StdQ1 |            4.48 |
|             MaxQ1 |             -29 |
|             MinQ1 |           -52.6 |
|                Q2 |           -45.4 |
|       TestSuccess |               0 |
| TotalEnvInteracts |         8.9e+05 |
|         TotalTime |        4.73e+03 |
---------------------------------------
save model to: HER_DRLib_exps/2021-12-12_HER_mpi19_random_DDPGTorch_FetchSlide-v1/2021-12-12_16-59-43-HER_mpi19_random_DDPGTorch_FetchSlide-v1_s123
---------------------------------------
|             Epoch |              89 |
|             EpRet |            -200 |
|         EpRealRet |            -200 |
|         TestEpRet |            -200 |
|         AverageQ1 |           -45.4 |
|             StdQ1 |             4.5 |
|             MaxQ1 |           -29.4 |
|             MinQ1 |           -52.5 |
|                Q2 |           -45.4 |
|       TestSuccess |               0 |
| TotalEnvInteracts |           9e+05 |
|         TotalTime |        4.77e+03 |
---------------------------------------
save model to: HER_DRLib_exps/2021-12-12_HER_mpi19_random_DDPGTorch_FetchSlide-v1/2021-12-12_16-59-43-HER_mpi19_random_DDPGTorch_FetchSlide-v1_s123
---------------------------------------
|             Epoch |              90 |
|             EpRet |            -200 |
|         EpRealRet |            -200 |
|         TestEpRet |            -200 |
|         AverageQ1 |           -45.4 |
|             StdQ1 |            4.49 |
|             MaxQ1 |           -30.2 |
|             MinQ1 |           -52.5 |
|                Q2 |           -45.4 |
|       TestSuccess |               0 |
| TotalEnvInteracts |         9.1e+05 |
|         TotalTime |        4.82e+03 |
---------------------------------------
save model to: HER_DRLib_exps/2021-12-12_HER_mpi19_random_DDPGTorch_FetchSlide-v1/2021-12-12_16-59-43-HER_mpi19_random_DDPGTorch_FetchSlide-v1_s123
---------------------------------------
|             Epoch |              91 |
|             EpRet |            -200 |
|         EpRealRet |            -200 |
|         TestEpRet |            -200 |
|         AverageQ1 |           -45.4 |
|             StdQ1 |             4.5 |
|             MaxQ1 |           -30.3 |
|             MinQ1 |           -53.3 |
|                Q2 |           -45.4 |
|       TestSuccess |               0 |
| TotalEnvInteracts |         9.2e+05 |
|         TotalTime |        4.87e+03 |
---------------------------------------
save model to: HER_DRLib_exps/2021-12-12_HER_mpi19_random_DDPGTorch_FetchSlide-v1/2021-12-12_16-59-43-HER_mpi19_random_DDPGTorch_FetchSlide-v1_s123
---------------------------------------
|             Epoch |              92 |
|             EpRet |            -200 |
|         EpRealRet |            -200 |
|         TestEpRet |            -200 |
|         AverageQ1 |           -45.4 |
|             StdQ1 |            4.51 |
|             MaxQ1 |           -30.2 |
|             MinQ1 |             -53 |
|                Q2 |           -45.4 |
|       TestSuccess |               0 |
| TotalEnvInteracts |         9.3e+05 |
|         TotalTime |        4.91e+03 |
---------------------------------------
save model to: HER_DRLib_exps/2021-12-12_HER_mpi19_random_DDPGTorch_FetchSlide-v1/2021-12-12_16-59-43-HER_mpi19_random_DDPGTorch_FetchSlide-v1_s123
---------------------------------------
|             Epoch |              93 |
|             EpRet |            -200 |
|         EpRealRet |            -200 |
|         TestEpRet |            -200 |
|         AverageQ1 |           -45.4 |
|             StdQ1 |            4.49 |
|             MaxQ1 |           -30.7 |
|             MinQ1 |           -52.9 |
|                Q2 |           -45.4 |
|       TestSuccess |               0 |
| TotalEnvInteracts |         9.4e+05 |
|         TotalTime |        4.96e+03 |
---------------------------------------
save model to: HER_DRLib_exps/2021-12-12_HER_mpi19_random_DDPGTorch_FetchSlide-v1/2021-12-12_16-59-43-HER_mpi19_random_DDPGTorch_FetchSlide-v1_s123
---------------------------------------
|             Epoch |              94 |
|             EpRet |            -200 |
|         EpRealRet |            -200 |
|         TestEpRet |            -200 |
|         AverageQ1 |           -45.4 |
|             StdQ1 |             4.5 |
|             MaxQ1 |           -30.4 |
|             MinQ1 |           -53.2 |
|                Q2 |           -45.4 |
|       TestSuccess |               0 |
| TotalEnvInteracts |         9.5e+05 |
|         TotalTime |           5e+03 |
---------------------------------------
save model to: HER_DRLib_exps/2021-12-12_HER_mpi19_random_DDPGTorch_FetchSlide-v1/2021-12-12_16-59-43-HER_mpi19_random_DDPGTorch_FetchSlide-v1_s123
---------------------------------------
|             Epoch |              95 |
|             EpRet |            -200 |
|         EpRealRet |            -200 |
|         TestEpRet |            -200 |
|         AverageQ1 |           -45.4 |
|             StdQ1 |             4.5 |
|             MaxQ1 |           -29.8 |
|             MinQ1 |           -52.4 |
|                Q2 |           -45.4 |
|       TestSuccess |               0 |
| TotalEnvInteracts |         9.6e+05 |
|         TotalTime |        5.05e+03 |
---------------------------------------
